/Users/admin/JR_Reciept_Scanner_AI/start_production.sh: line 23: export: `23e7d785-601b-81fb-9e39-f5858849a46f': not a valid identifier
/Users/admin/JR_Reciept_Scanner_AI/start_production.sh: line 23: export: `23e7d785-601b-81fb-9e39-f5858849a46f': not a valid identifier
/Users/admin/JR_Reciept_Scanner_AI/start_production.sh: line 23: export: `23e7d785-601b-81fb-9e39-f5858849a46f': not a valid identifier
/Users/admin/JR_Reciept_Scanner_AI/.env: line 5: 23e7d785-601b-81fb-9e39-f5858849a46f: command not found
/Users/admin/JR_Reciept_Scanner_AI/.env: line 5: 23e7d785-601b-81fb-9e39-f5858849a46f: command not found
/Users/admin/JR_Reciept_Scanner_AI/.env: line 5: 23e7d785-601b-81fb-9e39-f5858849a46f: command not found
/Users/admin/JR_Reciept_Scanner_AI/.env: line 5: 23e7d785-601b-81fb-9e39-f5858849a46f: command not found
/Users/admin/JR_Reciept_Scanner_AI/.env: line 5: 23e7d785-601b-81fb-9e39-f5858849a46f: command not found
/Users/admin/JR_Reciept_Scanner_AI/.env: line 5: 23e7d785-601b-81fb-9e39-f5858849a46f: command not found
/Users/admin/JR_Reciept_Scanner_AI/.env: line 5: 23e7d785-601b-81fb-9e39-f5858849a46f: command not found
/Users/admin/JR_Reciept_Scanner_AI/start_production.sh: line 44: pip: command not found
/Users/admin/JR_Reciept_Scanner_AI/start_production.sh: line 44: pip: command not found
/Users/admin/JR_Reciept_Scanner_AI/start_production.sh: line 44: pip: command not found
/Users/admin/JR_Reciept_Scanner_AI/start_production.sh: line 44: pip: command not found
/Users/admin/JR_Reciept_Scanner_AI/start_production.sh: line 44: pip: command not found
/Users/admin/JR_Reciept_Scanner_AI/start_production.sh: line 44: pip: command not found
/Users/admin/JR_Reciept_Scanner_AI/start_production.sh: line 44: pip: command not found
/Users/admin/JR_Reciept_Scanner_AI/start_production.sh: line 44: pip: command not found
/Users/admin/JR_Reciept_Scanner_AI/start_production.sh: line 44: pip: command not found
/Users/admin/JR_Reciept_Scanner_AI/start_production.sh: line 44: pip: command not found
/Users/admin/JR_Reciept_Scanner_AI/start_production.sh: line 44: pip: command not found
/Users/admin/JR_Reciept_Scanner_AI/start_production.sh: line 44: pip: command not found
/Users/admin/JR_Reciept_Scanner_AI/start_production.sh: line 44: pip: command not found
/Users/admin/JR_Reciept_Scanner_AI/start_production.sh: line 44: pip: command not found
[2025-07-28 21:50:40 +0100] [86296] [INFO] Starting gunicorn 23.0.0
[2025-07-28 21:50:40 +0100] [86296] [INFO] Listening at: http://127.0.0.1:8000 (86296)
[2025-07-28 21:50:40 +0100] [86296] [INFO] Using worker: uvicorn.workers.UvicornWorker
[2025-07-28 21:50:40 +0100] [86320] [INFO] Booting worker with pid: 86320
INFO:app.notion_client:NotionReceiptManager initialized
[2025-07-28 21:50:43 +0100] [86320] [INFO] Started server process [86320]
[2025-07-28 21:50:43 +0100] [86320] [INFO] Waiting for application startup.
[2025-07-28 21:50:43 +0100] [86320] [INFO] Application startup complete.
[2025-07-28 21:52:23 +0100] [86296] [INFO] Handling signal: term
[2025-07-28 21:52:23 +0100] [86320] [INFO] Shutting down
[2025-07-28 21:52:23 +0100] [86320] [INFO] Error while closing socket [Errno 9] Bad file descriptor
[2025-07-28 21:52:23 +0100] [86320] [INFO] Waiting for application shutdown.
[2025-07-28 21:52:23 +0100] [86320] [INFO] Application shutdown complete.
[2025-07-28 21:52:23 +0100] [86320] [INFO] Finished server process [86320]
[2025-07-28 21:52:23 +0100] [86296] [ERROR] Worker (pid:86320) was sent SIGTERM!
[2025-07-28 21:52:23 +0100] [86296] [INFO] Shutting down: Master
[2025-07-28 21:52:25 +0100] [87783] [INFO] Starting gunicorn 23.0.0
[2025-07-28 21:52:25 +0100] [87783] [INFO] Listening at: http://127.0.0.1:8000 (87783)
[2025-07-28 21:52:25 +0100] [87783] [INFO] Using worker: uvicorn.workers.UvicornWorker
[2025-07-28 21:52:25 +0100] [87807] [INFO] Booting worker with pid: 87807
INFO:app.notion_client:NotionReceiptManager initialized
[2025-07-28 21:52:27 +0100] [87807] [INFO] Started server process [87807]
[2025-07-28 21:52:27 +0100] [87807] [INFO] Waiting for application startup.
[2025-07-28 21:52:27 +0100] [87807] [INFO] Application startup complete.
[2025-07-29 13:01:28 +0100] [87783] [INFO] Handling signal: term
[2025-07-29 13:01:28 +0100] [87807] [INFO] Shutting down
[2025-07-29 13:01:28 +0100] [87807] [INFO] Error while closing socket [Errno 9] Bad file descriptor
[2025-07-29 13:01:28 +0100] [87807] [INFO] Waiting for application shutdown.
[2025-07-29 13:01:28 +0100] [87807] [INFO] Application shutdown complete.
[2025-07-29 13:01:28 +0100] [87807] [INFO] Finished server process [87807]
[2025-07-29 13:01:28 +0100] [87783] [ERROR] Worker (pid:87807) was sent SIGTERM!
[2025-07-29 13:01:28 +0100] [87783] [INFO] Shutting down: Master
[2025-07-29 13:01:31 +0100] [34682] [INFO] Starting gunicorn 23.0.0
[2025-07-29 13:01:31 +0100] [34682] [INFO] Listening at: http://127.0.0.1:8000 (34682)
[2025-07-29 13:01:31 +0100] [34682] [INFO] Using worker: uvicorn.workers.UvicornWorker
[2025-07-29 13:01:31 +0100] [34724] [INFO] Booting worker with pid: 34724
INFO:app.notion_client:NotionReceiptManager initialized
[2025-07-29 13:01:34 +0100] [34724] [INFO] Started server process [34724]
[2025-07-29 13:01:34 +0100] [34724] [INFO] Waiting for application startup.
[2025-07-29 13:01:34 +0100] [34724] [INFO] Application startup complete.
[2025-07-29 13:06:27 +0100] [34682] [INFO] Handling signal: term
[2025-07-29 13:06:27 +0100] [34724] [INFO] Shutting down
[2025-07-29 13:06:27 +0100] [34724] [INFO] Error while closing socket [Errno 9] Bad file descriptor
[2025-07-29 13:06:27 +0100] [34724] [INFO] Waiting for application shutdown.
[2025-07-29 13:06:27 +0100] [34724] [INFO] Application shutdown complete.
[2025-07-29 13:06:27 +0100] [34724] [INFO] Finished server process [34724]
[2025-07-29 13:06:27 +0100] [34682] [ERROR] Worker (pid:34724) was sent SIGTERM!
[2025-07-29 13:06:27 +0100] [34682] [INFO] Shutting down: Master
